<?xml version="1.0" encoding="UTF-8"?>
<!-- Generated by org.testng.reporters.JUnitReportReporter -->
<testsuite hostname="INBOOK_Y1_PLUS" failures="0" tests="1" name="pgobject1.created" time="18.873" errors="0" timestamp="2024-07-19T17:06:17 IST" skipped="0">
  <testcase classname="pgobject1.created" name="ohrm" time="18.873"/>
  <system-out/>
</testsuite> <!-- pgobject1.created -->
