<?xml version="1.0" encoding="UTF-8"?>
<!-- Generated by org.testng.reporters.JUnitReportReporter -->
<testsuite hostname="INBOOK_Y1_PLUS" failures="0" tests="1" name="model.usingextent" time="5.705" errors="0" timestamp="2024-05-13T17:37:02 IST" skipped="0">
  <testcase classname="model.usingextent" name="opengoogle" time="5.705"/>
</testsuite> <!-- model.usingextent -->
